#
# A fatal error has been detected by the Java Runtime Environment:
#
#  SIGSEGV (0xb) at pc=0x00007fff8b2db0dd, pid=3777, tid=0x0000000000000713
#
# JRE version: Java(TM) SE Runtime Environment (8.0_141-b15) (build 1.8.0_141-b15)
# Java VM: Java HotSpot(TM) 64-Bit Server VM (25.141-b15 mixed mode bsd-amd64 compressed oops)
# Problematic frame:
# C  [libobjc.A.dylib+0x10dd]  objc_msgSend+0x1d
#
# Failed to write core dump. Core dumps have been disabled. To enable core dumping, try "ulimit -c unlimited" before starting Java again
#
# If you would like to submit a bug report, please visit:
#   http://bugreport.java.com/bugreport/crash.jsp
# The crash happened outside the Java Virtual Machine in native code.
# See problematic frame for where to report the bug.
#

---------------  T H R E A D  ---------------

Current thread (0x00007fe6c291f000):  JavaThread "AppKit Thread" daemon [_thread_in_native, id=1811, stack(0x00007fff50066000,0x00007fff50866000)]

siginfo: si_signo: 11 (SIGSEGV), si_code: 1 (SEGV_MAPERR), si_addr: 0x000007fe6c1fc6e0

Registers:
RAX=0x00007fe6c1fbef50, RBX=0x00007fff50861a38, RCX=0x0000000000000000, RDX=0x00007fe6c1f9b1c0
RSP=0x00007fff50861858, RBP=0x00007fff50861860, RSI=0x00007fff8943541e, RDI=0x00007fe6c1fbef50
R8 =0x00007fff50861840, R9 =0x0000000000000055, R10=0x00007fff8943541e, R11=0x000007fe6c1fc6c8
R12=0x00007fe6c1c09ac0, R13=0x00000000000f42eb, R14=0x00007fe6c1e38590, R15=0x00007fff50861998
RIP=0x00007fff8b2db0dd, EFLAGS=0x0000000000010202, ERR=0x0000000000000004
  TRAPNO=0x000000000000000e

Top of Stack: (sp=0x00007fff50861858)
0x00007fff50861858:   00007fff8f1ab45c 00007fff50861bc0
0x00007fff50861868:   00007fff8f09b444 00007fff508618ec
0x00007fff50861878:   00007fff508618f0 00007fff508618f4
0x00007fff50861888:   00007fff71c64e00 ffffffffffffffff
0x00007fff50861898:   00000000000007f8 00007fff71c64e18
0x00007fff508618a8:   00007fe6c1e38590 0000000000000000
0x00007fff508618b8:   00007fff50861990 0000000000000000
0x00007fff508618c8:   00007fe6c1fc34d0 00007fff50861a10
0x00007fff508618d8:   0000000000000055 00000000000f42ed
0x00007fff508618e8:   00007fe6c1f9b1c0 00007fe6c1fc2d00
0x00007fff508618f8:   00007fe6c1c09ac0 0000000000000001
0x00007fff50861908:   00000000000f42eb 00007fe6c1c09ab0
0x00007fff50861918:   00007fff81ff0c05 00000001c1f76570
0x00007fff50861928:   00007fff736140d0 0000000042000000
0x00007fff50861938:   00007fff81ff7e63 00007fff71c2f240
0x00007fff50861948:   00007fff50861a18 00007fff50861970
0x00007fff50861958:   00007fff50861990 0000000000000000
0x00007fff50861968:   000000000000000f 0001700300000001
0x00007fff50861978:   00007fe6c1c09ae4 0000000000000000
0x00007fff50861988:   0000000000000000 00007fe6c1fc3550
0x00007fff50861998:   00007fe6c1e38590 0000002000000000
0x00007fff508619a8:   0000000000000000 00007fff736140d0
0x00007fff508619b8:   0000000042000000 00007fff81ff74f8
0x00007fff508619c8:   00007fff71c2f350 00007fff50861928
0x00007fff508619d8:   0000000000000000 00007fff50861aa8
0x00007fff508619e8:   00007fff72f0bea0 00007fff50861ae0
0x00007fff508619f8:   00007fff8ab1b770 00007fff50861a90
0x00007fff50861a08:   00007fff88b694ed 0000000000000051
0x00007fff50861a18:   0000000000000000 00000000000f42df
0x00007fff50861a28:   0000000000000053 0000000000000000
0x00007fff50861a38:   00000000000f42eb 00007fff50861ab4
0x00007fff50861a48:   00000000003bfa01 00000000ffffffff 

Instructions: (pc=0x00007fff8b2db0dd)
0x00007fff8b2db0bd:   00 00 00 48 85 ff 2e 74 7a 40 f6 c7 01 2e 75 7e
0x00007fff8b2db0cd:   49 bb f8 ff ff ff ff 7f 00 00 4c 23 1f 49 89 f2
0x00007fff8b2db0dd:   45 23 53 18 49 c1 e2 04 4d 03 53 10 49 3b 32 75
0x00007fff8b2db0ed:   04 41 ff 62 08 49 83 3a 00 74 6a 4d 3b 53 10 74 

Register to memory mapping:

RAX=0x00007fe6c1fbef50 is an unknown value
RBX=0x00007fff50861a38 is pointing into the stack for thread: 0x00007fe6c291f000
RCX=0x0000000000000000 is an unknown value
RDX=0x00007fe6c1f9b1c0 is an unknown value
RSP=0x00007fff50861858 is pointing into the stack for thread: 0x00007fe6c291f000
RBP=0x00007fff50861860 is pointing into the stack for thread: 0x00007fe6c291f000
RSI=0x00007fff8943541e: -[NSTitlebarContainerView transparent]+0x5e312 in /System/Library/Frameworks/AppKit.framework/Versions/C/AppKit at 0x00007fff88a34000
RDI=0x00007fe6c1fbef50 is an unknown value
R8 =0x00007fff50861840 is pointing into the stack for thread: 0x00007fe6c291f000
R9 =0x0000000000000055 is an unknown value
R10=0x00007fff8943541e: -[NSTitlebarContainerView transparent]+0x5e312 in /System/Library/Frameworks/AppKit.framework/Versions/C/AppKit at 0x00007fff88a34000
R11=0x000007fe6c1fc6c8 is an unknown value
R12=0x00007fe6c1c09ac0 is an unknown value
R13=0x00000000000f42eb is an unknown value
R14=0x00007fe6c1e38590 is an unknown value
R15=0x00007fff50861998 is pointing into the stack for thread: 0x00007fe6c291f000


Stack: [0x00007fff50066000,0x00007fff50866000],  sp=0x00007fff50861858,  free space=8174k
Native frames: (J=compiled Java code, j=interpreted, Vv=VM code, C=native code)
C  [libobjc.A.dylib+0x10dd]  objc_msgSend+0x1d
C  [CoreFoundation+0x10444]  _CFXNotificationPost+0xc44
C  [Foundation+0x7af1]  -[NSNotificationCenter postNotificationName:object:userInfo:]+0x42
C  [AppKit+0x439c2]  -[NSSurface _disposeSurface]+0x98
C  [AppKit+0x43426]  -[NSSurface setWindow:]+0x42
C  [AppKit+0x33910]  -[NSView _setWindow:]+0xa33
C  [AppKit+0x6af91]  -[NSView removeFromSuperview]+0x1c5
C  [AppKit+0x14bd99]  -[NSView removeFromSuperviewWithoutNeedingDisplay]+0x26
C  [liblwjgl.dylib+0xa205]  +[MacOSXKeyableWindow destroyWindow]+0xb5
C  [Foundation+0x92e20]  __NSThreadPerformPerform+0x125
C  [CoreFoundation+0x80821]  __CFRUNLOOP_IS_CALLING_OUT_TO_A_SOURCE0_PERFORM_FUNCTION__+0x11
C  [CoreFoundation+0x729ad]  __CFRunLoopDoSources0+0x10d
C  [CoreFoundation+0x71fdf]  __CFRunLoopRun+0x39f
C  [CoreFoundation+0x719f8]  CFRunLoopRunSpecific+0x128
C  [HIToolbox+0x3256f]  RunCurrentEventLoopInMode+0xeb
C  [HIToolbox+0x322ea]  ReceiveNextEventCommon+0x1af
C  [HIToolbox+0x3212b]  _BlockUntilNextEventMatchingListInModeWithFilter+0x47
C  [AppKit+0x918ab]  _DPSNextEvent+0x3d2
C  [AppKit+0x90e58]  -[NSApplication nextEventMatchingMask:untilDate:inMode:dequeue:]+0x15a
C  [libosxapp.dylib+0x23aa]  -[NSApplicationAWT nextEventMatchingMask:untilDate:inMode:dequeue:]+0x7c
C  [AppKit+0x86af3]  -[NSApplication run]+0x252
C  [libosxapp.dylib+0x214d]  +[NSApplicationAWT runAWTLoopWithApp:]+0x9c
C  [libawt_lwawt.dylib+0x45edf]  -[AWTStarter starter:]+0x389
C  [Foundation+0x92e20]  __NSThreadPerformPerform+0x125
C  [CoreFoundation+0x80821]  __CFRUNLOOP_IS_CALLING_OUT_TO_A_SOURCE0_PERFORM_FUNCTION__+0x11
C  [CoreFoundation+0x729ad]  __CFRunLoopDoSources0+0x10d
C  [CoreFoundation+0x71fdf]  __CFRunLoopRun+0x39f
C  [CoreFoundation+0x719f8]  CFRunLoopRunSpecific+0x128
C  [java+0x6465]  CreateExecutionEnvironment+0x367
C  [java+0x218c]  JLI_Launch+0x7a0
C  [java+0x84c2]  main+0x65
C  [java+0x19e4]  start+0x34
C  0x0000000000000004


---------------  P R O C E S S  ---------------

Java Threads: ( => current thread )
  0x00007fe6c2a4a800 JavaThread "AWT-Shutdown" [_thread_blocked, id=30751, stack(0x00000001366eb000,0x00000001367eb000)]
=>0x00007fe6c291f000 JavaThread "AppKit Thread" daemon [_thread_in_native, id=1811, stack(0x00007fff50066000,0x00007fff50866000)]
  0x00007fe6c4004800 JavaThread "Service Thread" daemon [_thread_blocked, id=20739, stack(0x000000012efd8000,0x000000012f0d8000)]
  0x00007fe6c3020000 JavaThread "C1 CompilerThread3" daemon [_thread_blocked, id=20227, stack(0x000000012eed5000,0x000000012efd5000)]
  0x00007fe6c2032800 JavaThread "C2 CompilerThread2" daemon [_thread_blocked, id=19715, stack(0x000000012edd2000,0x000000012eed2000)]
  0x00007fe6c2032000 JavaThread "C2 CompilerThread1" daemon [_thread_blocked, id=19203, stack(0x000000012eccf000,0x000000012edcf000)]
  0x00007fe6c2030800 JavaThread "C2 CompilerThread0" daemon [_thread_blocked, id=18691, stack(0x000000012ebcc000,0x000000012eccc000)]
  0x00007fe6c2046800 JavaThread "Signal Dispatcher" daemon [_thread_blocked, id=15379, stack(0x000000012eac9000,0x000000012ebc9000)]
  0x00007fe6c284b800 JavaThread "Finalizer" daemon [_thread_blocked, id=13571, stack(0x000000012d093000,0x000000012d193000)]
  0x00007fe6c2801000 JavaThread "Reference Handler" daemon [_thread_blocked, id=13059, stack(0x000000012cf90000,0x000000012d090000)]
  0x00007fe6c3002000 JavaThread "main" [_thread_in_native, id=4867, stack(0x000000010f4e3000,0x000000010f5e3000)]

Other Threads:
  0x00007fe6c2023800 VMThread [stack: 0x000000012ce8d000,0x000000012cf8d000] [id=12547]
  0x00007fe6c4005800 WatcherThread [stack: 0x000000012f0db000,0x000000012f1db000] [id=21251]

VM state:not at safepoint (normal execution)

VM Mutex/Monitor currently owned by a thread: None

Heap:
 PSYoungGen      total 76288K, used 36491K [0x000000076ab00000, 0x0000000770000000, 0x00000007c0000000)
  eden space 65536K, 55% used [0x000000076ab00000,0x000000076cea2cc8,0x000000076eb00000)
  from space 10752K, 0% used [0x000000076f580000,0x000000076f580000,0x0000000770000000)
  to   space 10752K, 0% used [0x000000076eb00000,0x000000076eb00000,0x000000076f580000)
 ParOldGen       total 175104K, used 0K [0x00000006c0000000, 0x00000006cab00000, 0x000000076ab00000)
  object space 175104K, 0% used [0x00000006c0000000,0x00000006c0000000,0x00000006cab00000)
 Metaspace       used 9756K, capacity 9929K, committed 9984K, reserved 1058816K
  class space    used 895K, capacity 978K, committed 1024K, reserved 1048576K

Card table byte_map: [0x00000001209a5000,0x00000001211a6000] byte_map_base: 0x000000011d3a5000

Marking Bits: (ParMarkBitMap*) 0x0000000110ef35d0
 Begin Bits: [0x0000000121f14000, 0x0000000125f14000)
 End Bits:   [0x0000000125f14000, 0x0000000129f14000)

Polling page: 0x000000010f5f3000

CodeCache: size=245760Kb used=3594Kb max_used=3601Kb free=242165Kb
 bounds [0x00000001115e5000, 0x0000000111975000, 0x00000001205e5000]
 total_blobs=1452 nmethods=1033 adapters=333
 compilation: enabled

Compilation events (10 events):
Event: 10.145 Thread 0x00007fe6c3020000 1029       3       quorum.Main::Get_Libraries_Game_Game__exitRequested_ (8 bytes)
Event: 10.145 Thread 0x00007fe6c3020000 nmethod 1029 0x0000000111965b90 code [0x0000000111965d00, 0x0000000111965eb0]
Event: 10.346 Thread 0x00007fe6c3020000 1030       1       quorum.Libraries.Game.Graphics.Camera::Get_Libraries_Game_Graphics_Camera__viewportWidth_ (5 bytes)
Event: 10.346 Thread 0x00007fe6c3020000 nmethod 1030 0x0000000111965f50 code [0x00000001119660a0, 0x00000001119661b0]
Event: 10.444 Thread 0x00007fe6c3020000 1031   !   3       sun.misc.Resource::getBytes (242 bytes)
Event: 10.445 Thread 0x00007fe6c2032000 1033       4       java.nio.DirectByteBuffer::put (18 bytes)
Event: 10.446 Thread 0x00007fe6c3020000 nmethod 1031 0x0000000111966210 code [0x0000000111966500, 0x0000000111967e28]
Event: 10.446 Thread 0x00007fe6c3020000 1032       3       java.lang.ClassLoader::defineClass (43 bytes)
Event: 10.446 Thread 0x00007fe6c2032000 nmethod 1033 0x000000011196b790 code [0x000000011196b8e0, 0x000000011196b998]
Event: 10.446 Thread 0x00007fe6c3020000 nmethod 1032 0x000000011196a4d0 code [0x000000011196a6c0, 0x000000011196b288]

GC Heap History (0 events):
No events

Deoptimization events (8 events):
Event: 0.705 Thread 0x00007fe6c3002000 Uncommon trap: reason=class_check action=maybe_recompile pc=0x0000000111827bfc method=plugins.quorum.Libraries.Containers.Array.GetNative(I)Lquorum/Libraries/Language/Object_; @ 8
Event: 0.705 Thread 0x00007fe6c3002000 Uncommon trap: reason=class_check action=maybe_recompile pc=0x0000000111827bfc method=plugins.quorum.Libraries.Containers.Array.GetNative(I)Lquorum/Libraries/Language/Object_; @ 8
Event: 0.705 Thread 0x00007fe6c3002000 Uncommon trap: reason=class_check action=maybe_recompile pc=0x0000000111827bfc method=plugins.quorum.Libraries.Containers.Array.GetNative(I)Lquorum/Libraries/Language/Object_; @ 8
Event: 0.705 Thread 0x00007fe6c3002000 Uncommon trap: reason=class_check action=maybe_recompile pc=0x0000000111827bfc method=plugins.quorum.Libraries.Containers.Array.GetNative(I)Lquorum/Libraries/Language/Object_; @ 8
Event: 0.796 Thread 0x00007fe6c3002000 Uncommon trap: reason=unstable_if action=reinterpret pc=0x0000000111869e08 method=plugins.quorum.Libraries.Sound.Ogg.jogg.Buffer.read(I)I @ 23
Event: 0.827 Thread 0x00007fe6c3002000 Uncommon trap: reason=unstable_if action=reinterpret pc=0x0000000111875184 method=plugins.quorum.Libraries.Sound.OggInputStream.read()I @ 11
Event: 0.889 Thread 0x00007fe6c3002000 Uncommon trap: reason=unstable_if action=reinterpret pc=0x00000001118928d8 method=plugins.quorum.Libraries.Sound.OggInputStream.read()I @ 42
Event: 0.898 Thread 0x00007fe6c3002000 Uncommon trap: reason=unstable_if action=reinterpret pc=0x000000011184d694 method=java.util.Vector.setSize(I)V @ 15

Internal exceptions (10 events):
Event: 0.185 Thread 0x00007fe6c3002000 Exception <a 'java/lang/NoSuchFieldError': method resolution failed> (0x000000076b11b580) thrown at [/Users/java_re/workspace/8-2-build-macosx-x86_64/jdk8u141/9370/hotspot/src/share/vm/prims/methodHandles.cpp, line 1146]
Event: 0.389 Thread 0x00007fe6c3002000 Exception <a 'java/io/FileNotFoundException'> (0x000000076b196968) thrown at [/Users/java_re/workspace/8-2-build-macosx-x86_64/jdk8u141/9370/hotspot/src/share/vm/prims/jni.cpp, line 709]
Event: 0.389 Thread 0x00007fe6c3002000 Exception <a 'java/io/FileNotFoundException'> (0x000000076b1974c8) thrown at [/Users/java_re/workspace/8-2-build-macosx-x86_64/jdk8u141/9370/hotspot/src/share/vm/prims/jni.cpp, line 709]
Event: 0.398 Thread 0x00007fe6c3002000 Exception <a 'java/lang/UnsatisfiedLinkError'> (0x000000076b1a31a0) thrown at [/Users/java_re/workspace/8-2-build-macosx-x86_64/jdk8u141/9370/hotspot/src/share/vm/prims/jvm.cpp, line 1394]
Event: 0.755 Thread 0x00007fe6c3002000 Exception <a 'java/security/PrivilegedActionException'> (0x000000076c696558) thrown at [/Users/java_re/workspace/8-2-build-macosx-x86_64/jdk8u141/9370/hotspot/src/share/vm/prims/jvm.cpp, line 1390]
Event: 0.755 Thread 0x00007fe6c3002000 Exception <a 'java/security/PrivilegedActionException'> (0x000000076c698140) thrown at [/Users/java_re/workspace/8-2-build-macosx-x86_64/jdk8u141/9370/hotspot/src/share/vm/prims/jvm.cpp, line 1390]
Event: 0.755 Thread 0x00007fe6c3002000 Exception <a 'java/security/PrivilegedActionException'> (0x000000076c699260) thrown at [/Users/java_re/workspace/8-2-build-macosx-x86_64/jdk8u141/9370/hotspot/src/share/vm/prims/jvm.cpp, line 1390]
Event: 0.755 Thread 0x00007fe6c3002000 Exception <a 'java/security/PrivilegedActionException'> (0x000000076c69e380) thrown at [/Users/java_re/workspace/8-2-build-macosx-x86_64/jdk8u141/9370/hotspot/src/share/vm/prims/jvm.cpp, line 1390]
Event: 0.755 Thread 0x00007fe6c3002000 Exception <a 'java/security/PrivilegedActionException'> (0x000000076c69efd8) thrown at [/Users/java_re/workspace/8-2-build-macosx-x86_64/jdk8u141/9370/hotspot/src/share/vm/prims/jvm.cpp, line 1390]
Event: 0.755 Thread 0x00007fe6c3002000 Exception <a 'java/security/PrivilegedActionException'> (0x000000076c69fc00) thrown at [/Users/java_re/workspace/8-2-build-macosx-x86_64/jdk8u141/9370/hotspot/src/share/vm/prims/jvm.cpp, line 1390]

Events (10 events):
Event: 8.950 loading class quorum/Libraries/Interface/Events/MouseEvent
Event: 8.950 loading class quorum/Libraries/Interface/Events/MouseEvent done
Event: 8.950 loading class quorum/Libraries/Interface/Events/MouseEvent_
Event: 8.950 loading class quorum/Libraries/Interface/Events/MouseEvent_ done
Event: 8.951 loading class quorum/Libraries/Containers/Support/ListNode
Event: 8.951 loading class quorum/Libraries/Containers/Support/ListNode done
Event: 8.951 loading class quorum/Libraries/Compute/Ray
Event: 8.951 loading class quorum/Libraries/Compute/Ray done
Event: 10.444 loading class org/lwjgl/opengl/CallbackUtil
Event: 10.444 loading class org/lwjgl/opengl/CallbackUtil done


Dynamic libraries:
0x0000000001bd9000 	/System/Library/Frameworks/Cocoa.framework/Versions/A/Cocoa
0x0000000001bd9000 	/System/Library/Frameworks/Security.framework/Versions/A/Security
0x0000000001bd9000 	/System/Library/Frameworks/ApplicationServices.framework/Versions/A/ApplicationServices
0x0000000001bd9000 	/usr/lib/libz.1.dylib
0x0000000001bd9000 	/usr/lib/libSystem.B.dylib
0x0000000001bd9000 	/usr/lib/libobjc.A.dylib
0x0000000001bd9000 	/System/Library/Frameworks/CoreFoundation.framework/Versions/A/CoreFoundation
0x0000000001bd9000 	/System/Library/Frameworks/Foundation.framework/Versions/C/Foundation
0x0000000001bd9000 	/System/Library/Frameworks/AppKit.framework/Versions/C/AppKit
0x0000000001bd9000 	/System/Library/Frameworks/CoreData.framework/Versions/A/CoreData
0x0000000001bd9000 	/System/Library/PrivateFrameworks/RemoteViewServices.framework/Versions/A/RemoteViewServices
0x0000000001bd9000 	/System/Library/PrivateFrameworks/UIFoundation.framework/Versions/A/UIFoundation
0x0000000001bd9000 	/System/Library/Frameworks/IOSurface.framework/Versions/A/IOSurface
0x0000000001bd9000 	/System/Library/Frameworks/AudioToolbox.framework/Versions/A/AudioToolbox
0x0000000001bd9000 	/System/Library/Frameworks/AudioUnit.framework/Versions/A/AudioUnit
0x0000000001bd9000 	/System/Library/PrivateFrameworks/DataDetectorsCore.framework/Versions/A/DataDetectorsCore
0x0000000001bd9000 	/System/Library/PrivateFrameworks/DesktopServicesPriv.framework/Versions/A/DesktopServicesPriv
0x0000000001bd9000 	/System/Library/Frameworks/Carbon.framework/Versions/A/Frameworks/HIToolbox.framework/Versions/A/HIToolbox
0x0000000001bd9000 	/System/Library/Frameworks/QuartzCore.framework/Versions/A/QuartzCore
0x0000000001bd9000 	/System/Library/Frameworks/Carbon.framework/Versions/A/Frameworks/SpeechRecognition.framework/Versions/A/SpeechRecognition
0x0000000001bd9000 	/usr/lib/libauto.dylib
0x0000000001bd9000 	/usr/lib/libicucore.A.dylib
0x0000000001bd9000 	/usr/lib/libxml2.2.dylib
0x0000000001bd9000 	/System/Library/PrivateFrameworks/CoreUI.framework/Versions/A/CoreUI
0x0000000001bd9000 	/System/Library/Frameworks/CoreAudio.framework/Versions/A/CoreAudio
0x0000000001bd9000 	/System/Library/Frameworks/DiskArbitration.framework/Versions/A/DiskArbitration
0x0000000001bd9000 	/usr/lib/liblangid.dylib
0x0000000001bd9000 	/System/Library/PrivateFrameworks/MultitouchSupport.framework/Versions/A/MultitouchSupport
0x0000000001bd9000 	/System/Library/Frameworks/IOKit.framework/Versions/A/IOKit
0x0000000001bd9000 	/usr/lib/libDiagnosticMessagesClient.dylib
0x0000000001bd9000 	/System/Library/Frameworks/CoreServices.framework/Versions/A/CoreServices
0x0000000001bd9000 	/System/Library/PrivateFrameworks/PerformanceAnalysis.framework/Versions/A/PerformanceAnalysis
0x0000000001bd9000 	/System/Library/PrivateFrameworks/GenerationalStorage.framework/Versions/A/GenerationalStorage
0x0000000001bd9000 	/System/Library/Frameworks/OpenGL.framework/Versions/A/OpenGL
0x0000000001bd9000 	/System/Library/PrivateFrameworks/Sharing.framework/Versions/A/Sharing
0x0000000001bd9000 	/System/Library/Frameworks/CoreGraphics.framework/Versions/A/CoreGraphics
0x0000000001bd9000 	/System/Library/Frameworks/CoreText.framework/Versions/A/CoreText
0x0000000001bd9000 	/System/Library/Frameworks/ImageIO.framework/Versions/A/ImageIO
0x0000000001bd9000 	/usr/lib/libextension.dylib
0x0000000001bd9000 	/System/Library/PrivateFrameworks/Backup.framework/Versions/A/Backup
0x0000000001bd9000 	/usr/lib/libarchive.2.dylib
0x0000000001bd9000 	/System/Library/Frameworks/CFNetwork.framework/Versions/A/CFNetwork
0x0000000001bd9000 	/System/Library/Frameworks/SystemConfiguration.framework/Versions/A/SystemConfiguration
0x0000000001bd9000 	/usr/lib/libCRFSuite.dylib
0x0000000001bd9000 	/usr/lib/libc++.1.dylib
0x0000000001bd9000 	/usr/lib/libc++abi.dylib
0x0000000001bd9000 	/usr/lib/system/libcache.dylib
0x0000000001bd9000 	/usr/lib/system/libcommonCrypto.dylib
0x0000000001bd9000 	/usr/lib/system/libcompiler_rt.dylib
0x0000000001bd9000 	/usr/lib/system/libcopyfile.dylib
0x0000000001bd9000 	/usr/lib/system/libcorecrypto.dylib
0x0000000001bd9000 	/usr/lib/system/libdispatch.dylib
0x0000000001bd9000 	/usr/lib/system/libdyld.dylib
0x0000000001bd9000 	/usr/lib/system/libkeymgr.dylib
0x0000000001bd9000 	/usr/lib/system/liblaunch.dylib
0x0000000001bd9000 	/usr/lib/system/libmacho.dylib
0x0000000001bd9000 	/usr/lib/system/libquarantine.dylib
0x0000000001bd9000 	/usr/lib/system/libremovefile.dylib
0x0000000001bd9000 	/usr/lib/system/libsystem_asl.dylib
0x0000000001bd9000 	/usr/lib/system/libsystem_blocks.dylib
0x0000000001bd9000 	/usr/lib/system/libsystem_c.dylib
0x0000000001bd9000 	/usr/lib/system/libsystem_configuration.dylib
0x0000000001bd9000 	/usr/lib/system/libsystem_coreservices.dylib
0x0000000001bd9000 	/usr/lib/system/libsystem_coretls.dylib
0x0000000001bd9000 	/usr/lib/system/libsystem_dnssd.dylib
0x0000000001bd9000 	/usr/lib/system/libsystem_info.dylib
0x0000000001bd9000 	/usr/lib/system/libsystem_kernel.dylib
0x0000000001bd9000 	/usr/lib/system/libsystem_m.dylib
0x0000000001bd9000 	/usr/lib/system/libsystem_malloc.dylib
0x0000000001bd9000 	/usr/lib/system/libsystem_network.dylib
0x0000000001bd9000 	/usr/lib/system/libsystem_networkextension.dylib
0x0000000001bd9000 	/usr/lib/system/libsystem_notify.dylib
0x0000000001bd9000 	/usr/lib/system/libsystem_platform.dylib
0x0000000001bd9000 	/usr/lib/system/libsystem_pthread.dylib
0x0000000001bd9000 	/usr/lib/system/libsystem_sandbox.dylib
0x0000000001bd9000 	/usr/lib/system/libsystem_secinit.dylib
0x0000000001bd9000 	/usr/lib/system/libsystem_stats.dylib
0x0000000001bd9000 	/usr/lib/system/libsystem_trace.dylib
0x0000000001bd9000 	/usr/lib/system/libunc.dylib
0x0000000001bd9000 	/usr/lib/system/libunwind.dylib
0x0000000001bd9000 	/usr/lib/system/libxpc.dylib
0x0000000001bd9000 	/usr/lib/libbz2.1.0.dylib
0x0000000001bd9000 	/usr/lib/liblzma.5.dylib
0x0000000001bd9000 	/usr/lib/libbsm.0.dylib
0x0000000001bd9000 	/usr/lib/libsqlite3.dylib
0x0000000001bd9000 	/usr/lib/system/libkxld.dylib
0x0000000001bd9000 	/usr/lib/libxar.1.dylib
0x0000000001bd9000 	/usr/lib/libpam.2.dylib
0x0000000001bd9000 	/usr/lib/libOpenScriptingUtil.dylib
0x0000000001bd9000 	/System/Library/Frameworks/CoreServices.framework/Versions/A/Frameworks/FSEvents.framework/Versions/A/FSEvents
0x0000000001bd9000 	/System/Library/Frameworks/CoreServices.framework/Versions/A/Frameworks/CarbonCore.framework/Versions/A/CarbonCore
0x0000000001bd9000 	/System/Library/Frameworks/CoreServices.framework/Versions/A/Frameworks/Metadata.framework/Versions/A/Metadata
0x0000000001bd9000 	/System/Library/Frameworks/CoreServices.framework/Versions/A/Frameworks/OSServices.framework/Versions/A/OSServices
0x0000000001bd9000 	/System/Library/Frameworks/CoreServices.framework/Versions/A/Frameworks/SearchKit.framework/Versions/A/SearchKit
0x0000000001bd9000 	/System/Library/Frameworks/CoreServices.framework/Versions/A/Frameworks/AE.framework/Versions/A/AE
0x0000000001bd9000 	/System/Library/Frameworks/CoreServices.framework/Versions/A/Frameworks/LaunchServices.framework/Versions/A/LaunchServices
0x0000000001bd9000 	/System/Library/Frameworks/CoreServices.framework/Versions/A/Frameworks/DictionaryServices.framework/Versions/A/DictionaryServices
0x0000000001bd9000 	/System/Library/Frameworks/NetFS.framework/Versions/A/NetFS
0x0000000001bd9000 	/System/Library/PrivateFrameworks/NetAuth.framework/Versions/A/NetAuth
0x0000000001bd9000 	/System/Library/PrivateFrameworks/login.framework/Versions/A/Frameworks/loginsupport.framework/Versions/A/loginsupport
0x0000000001bd9000 	/System/Library/PrivateFrameworks/TCC.framework/Versions/A/TCC
0x0000000001bd9000 	/usr/lib/libmecabra.dylib
0x0000000001bd9000 	/System/Library/Frameworks/ApplicationServices.framework/Versions/A/Frameworks/ATS.framework/Versions/A/ATS
0x0000000001bd9000 	/System/Library/Frameworks/ApplicationServices.framework/Versions/A/Frameworks/ColorSync.framework/Versions/A/ColorSync
0x0000000001bd9000 	/System/Library/Frameworks/ApplicationServices.framework/Versions/A/Frameworks/HIServices.framework/Versions/A/HIServices
0x0000000001bd9000 	/System/Library/Frameworks/ApplicationServices.framework/Versions/A/Frameworks/LangAnalysis.framework/Versions/A/LangAnalysis
0x0000000001bd9000 	/System/Library/Frameworks/ApplicationServices.framework/Versions/A/Frameworks/PrintCore.framework/Versions/A/PrintCore
0x0000000001bd9000 	/System/Library/Frameworks/ApplicationServices.framework/Versions/A/Frameworks/QD.framework/Versions/A/QD
0x0000000001bd9000 	/System/Library/Frameworks/ApplicationServices.framework/Versions/A/Frameworks/SpeechSynthesis.framework/Versions/A/SpeechSynthesis
0x0000000001bd9000 	/System/Library/Frameworks/Accelerate.framework/Versions/A/Accelerate
0x0000000001bd9000 	/System/Library/Frameworks/Accelerate.framework/Versions/A/Frameworks/vImage.framework/Versions/A/vImage
0x0000000001bd9000 	/System/Library/Frameworks/Accelerate.framework/Versions/A/Frameworks/vecLib.framework/Versions/A/vecLib
0x0000000001bd9000 	/System/Library/Frameworks/Accelerate.framework/Versions/A/Frameworks/vecLib.framework/Versions/A/libvDSP.dylib
0x0000000001bd9000 	/System/Library/Frameworks/Accelerate.framework/Versions/A/Frameworks/vecLib.framework/Versions/A/libvMisc.dylib
0x0000000001bd9000 	/System/Library/Frameworks/Accelerate.framework/Versions/A/Frameworks/vecLib.framework/Versions/A/libLAPACK.dylib
0x0000000001bd9000 	/System/Library/Frameworks/Accelerate.framework/Versions/A/Frameworks/vecLib.framework/Versions/A/libBLAS.dylib
0x0000000001bd9000 	/System/Library/Frameworks/Accelerate.framework/Versions/A/Frameworks/vecLib.framework/Versions/A/libLinearAlgebra.dylib
0x0000000001bd9000 	/System/Library/Frameworks/ApplicationServices.framework/Versions/A/Frameworks/ATS.framework/Versions/A/Resources/libFontParser.dylib
0x0000000001bd9000 	/System/Library/Frameworks/ApplicationServices.framework/Versions/A/Frameworks/ATS.framework/Versions/A/Resources/libFontRegistry.dylib
0x0000000001bd9000 	/System/Library/PrivateFrameworks/AppleVPA.framework/Versions/A/AppleVPA
0x0000000001bd9000 	/System/Library/PrivateFrameworks/AppleJPEG.framework/Versions/A/AppleJPEG
0x0000000001bd9000 	/System/Library/Frameworks/ImageIO.framework/Versions/A/Resources/libJPEG.dylib
0x0000000001bd9000 	/System/Library/Frameworks/ImageIO.framework/Versions/A/Resources/libTIFF.dylib
0x0000000001bd9000 	/System/Library/Frameworks/ImageIO.framework/Versions/A/Resources/libPng.dylib
0x0000000001bd9000 	/System/Library/Frameworks/ImageIO.framework/Versions/A/Resources/libGIF.dylib
0x0000000001bd9000 	/System/Library/Frameworks/ImageIO.framework/Versions/A/Resources/libJP2.dylib
0x0000000001bd9000 	/System/Library/Frameworks/ImageIO.framework/Versions/A/Resources/libRadiance.dylib
0x0000000001bd9000 	/System/Library/Frameworks/CoreVideo.framework/Versions/A/CoreVideo
0x0000000001bd9000 	/System/Library/Frameworks/OpenGL.framework/Versions/A/Libraries/libGLU.dylib
0x0000000001bd9000 	/System/Library/Frameworks/OpenGL.framework/Versions/A/Libraries/libGFXShared.dylib
0x0000000001bd9000 	/System/Library/Frameworks/OpenGL.framework/Versions/A/Libraries/libGL.dylib
0x0000000001bd9000 	/System/Library/Frameworks/OpenGL.framework/Versions/A/Libraries/libGLImage.dylib
0x0000000001bd9000 	/System/Library/Frameworks/OpenGL.framework/Versions/A/Libraries/libCVMSPluginSupport.dylib
0x0000000001bd9000 	/System/Library/Frameworks/OpenGL.framework/Versions/A/Libraries/libCoreVMClient.dylib
0x0000000001bd9000 	/usr/lib/libcups.2.dylib
0x0000000001bd9000 	/System/Library/Frameworks/Kerberos.framework/Versions/A/Kerberos
0x0000000001bd9000 	/System/Library/Frameworks/GSS.framework/Versions/A/GSS
0x0000000001bd9000 	/usr/lib/libresolv.9.dylib
0x0000000001bd9000 	/usr/lib/libiconv.2.dylib
0x0000000001bd9000 	/System/Library/PrivateFrameworks/Heimdal.framework/Versions/A/Heimdal
0x0000000001bd9000 	/usr/lib/libheimdal-asn1.dylib
0x0000000001bd9000 	/System/Library/Frameworks/OpenDirectory.framework/Versions/A/OpenDirectory
0x0000000001bd9000 	/System/Library/PrivateFrameworks/CommonAuth.framework/Versions/A/CommonAuth
0x0000000001bd9000 	/System/Library/Frameworks/OpenDirectory.framework/Versions/A/Frameworks/CFOpenDirectory.framework/Versions/A/CFOpenDirectory
0x0000000001bd9000 	/System/Library/Frameworks/SecurityFoundation.framework/Versions/A/SecurityFoundation
0x0000000001bd9000 	/System/Library/PrivateFrameworks/LanguageModeling.framework/Versions/A/LanguageModeling
0x0000000001bd9000 	/usr/lib/libcmph.dylib
0x0000000001bd9000 	/System/Library/Frameworks/ServiceManagement.framework/Versions/A/ServiceManagement
0x0000000001bd9000 	/usr/lib/libxslt.1.dylib
0x0000000001bd9000 	/System/Library/Frameworks/Carbon.framework/Versions/A/Frameworks/Ink.framework/Versions/A/Ink
0x0000000001bd9000 	/System/Library/Frameworks/QuartzCore.framework/Versions/A/Frameworks/CoreImage.framework/Versions/A/CoreImage
0x0000000001bd9000 	/System/Library/PrivateFrameworks/CrashReporterSupport.framework/Versions/A/CrashReporterSupport
0x0000000001bd9000 	/System/Library/Frameworks/OpenCL.framework/Versions/A/OpenCL
0x0000000001bd9000 	/System/Library/PrivateFrameworks/FaceCore.framework/Versions/A/FaceCore
0x0000000001bd9000 	/System/Library/PrivateFrameworks/Ubiquity.framework/Versions/A/Ubiquity
0x0000000001bd9000 	/System/Library/PrivateFrameworks/IconServices.framework/Versions/A/IconServices
0x0000000001bd9000 	/System/Library/PrivateFrameworks/ChunkingLibrary.framework/Versions/A/ChunkingLibrary
0x0000000001bd9000 	/System/Library/PrivateFrameworks/Apple80211.framework/Versions/A/Apple80211
0x0000000001bd9000 	/System/Library/Frameworks/CoreWLAN.framework/Versions/A/CoreWLAN
0x0000000001bd9000 	/System/Library/Frameworks/IOBluetooth.framework/Versions/A/IOBluetooth
0x0000000001bd9000 	/System/Library/PrivateFrameworks/CoreWiFi.framework/Versions/A/CoreWiFi
0x0000000001bd9000 	/System/Library/Frameworks/CoreBluetooth.framework/Versions/A/CoreBluetooth
0x0000000001bd9000 	/System/Library/PrivateFrameworks/DebugSymbols.framework/Versions/A/DebugSymbols
0x0000000001bd9000 	/System/Library/PrivateFrameworks/CoreSymbolication.framework/Versions/A/CoreSymbolication
0x0000000001bd9000 	/System/Library/PrivateFrameworks/Symbolication.framework/Versions/A/Symbolication
0x0000000001bd9000 	/System/Library/PrivateFrameworks/SpeechRecognitionCore.framework/Versions/A/SpeechRecognitionCore
0x0000000110600000 	/Library/Java/JavaVirtualMachines/jdk1.8.0_141.jdk/Contents/Home/jre/lib/server/libjvm.dylib
0x0000000001bd9000 	/usr/lib/libstdc++.6.dylib
0x000000010f5e5000 	/Library/Java/JavaVirtualMachines/jdk1.8.0_141.jdk/Contents/Home/jre/lib/libverify.dylib
0x00000001115a7000 	/Library/Java/JavaVirtualMachines/jdk1.8.0_141.jdk/Contents/Home/jre/lib/libjava.dylib
0x00000001115dc000 	/Library/Java/JavaVirtualMachines/jdk1.8.0_141.jdk/Contents/Home/jre/lib/libzip.dylib
0x000000012d195000 	/System/Library/Frameworks/JavaVM.framework/Frameworks/JavaRuntimeSupport.framework/JavaRuntimeSupport
0x000000012d1b0000 	/System/Library/Frameworks/JavaVM.framework/Versions/A/Frameworks/JavaNativeFoundation.framework/Versions/A/JavaNativeFoundation
0x000000012d1c5000 	/System/Library/Frameworks/JavaVM.framework/Versions/A/JavaVM
0x0000000001bd9000 	/System/Library/Frameworks/Carbon.framework/Versions/A/Carbon
0x000000012d1d2000 	/System/Library/PrivateFrameworks/JavaLaunching.framework/Versions/A/JavaLaunching
0x0000000001bd9000 	/System/Library/Frameworks/Carbon.framework/Versions/A/Frameworks/CommonPanels.framework/Versions/A/CommonPanels
0x0000000001bd9000 	/System/Library/Frameworks/Carbon.framework/Versions/A/Frameworks/Help.framework/Versions/A/Help
0x0000000001bd9000 	/System/Library/Frameworks/Carbon.framework/Versions/A/Frameworks/ImageCapture.framework/Versions/A/ImageCapture
0x0000000001bd9000 	/System/Library/Frameworks/Carbon.framework/Versions/A/Frameworks/OpenScripting.framework/Versions/A/OpenScripting
0x0000000001bd9000 	/System/Library/Frameworks/Carbon.framework/Versions/A/Frameworks/Print.framework/Versions/A/Print
0x0000000001bd9000 	/System/Library/Frameworks/Carbon.framework/Versions/A/Frameworks/SecurityHI.framework/Versions/A/SecurityHI
0x000000012f224000 	/Users/alex/Documents/git repositories/quorum-repo/audio3D/Run/jni/libGameEngineCPlugins.so
0x000000012f274000 	/Users/alex/Documents/git repositories/quorum-repo/audio3D/Run/jni/libfreetype.dylib
0x000000012f331000 	/Library/Java/JavaVirtualMachines/jdk1.8.0_141.jdk/Contents/Home/jre/lib/libawt.dylib
0x000000012f3d9000 	/Library/Java/JavaVirtualMachines/jdk1.8.0_141.jdk/Contents/Home/jre/lib/./libmlib_image.dylib
0x000000012f4a5000 	/Library/Java/JavaVirtualMachines/jdk1.8.0_141.jdk/Contents/Home/jre/lib/libawt_lwawt.dylib
0x000000012f55c000 	/Library/Java/JavaVirtualMachines/jdk1.8.0_141.jdk/Contents/Home/jre/lib/./libosxapp.dylib
0x0000000001bd9000 	/System/Library/Frameworks/ExceptionHandling.framework/Versions/A/ExceptionHandling
0x0000000001bd9000 	/System/Library/PrivateFrameworks/CoreServicesInternal.framework/Versions/A/CoreServicesInternal
0x0000000001bd9000 	/System/Library/PrivateFrameworks/CloudDocs.framework/Versions/A/CloudDocs
0x0000000001bd9000 	/System/Library/PrivateFrameworks/CoreDuet.framework/Versions/A/CoreDuet
0x0000000001bd9000 	/System/Library/Frameworks/CloudKit.framework/Versions/A/CloudKit
0x0000000001bd9000 	/System/Library/PrivateFrameworks/ProtocolBuffer.framework/Versions/A/ProtocolBuffer
0x0000000001bd9000 	/System/Library/PrivateFrameworks/CoreDuetDaemonProtocol.framework/Versions/A/CoreDuetDaemonProtocol
0x0000000001bd9000 	/System/Library/PrivateFrameworks/CoreDuetDebugLogging.framework/Versions/A/CoreDuetDebugLogging
0x0000000001bd9000 	/System/Library/PrivateFrameworks/MMCS.framework/Versions/A/MMCS
0x0000000001bd9000 	/System/Library/Frameworks/CoreLocation.framework/Versions/A/CoreLocation
0x0000000001bd9000 	/System/Library/PrivateFrameworks/ProtectedCloudStorage.framework/Versions/A/ProtectedCloudStorage
0x0000000001bd9000 	/System/Library/PrivateFrameworks/GeoServices.framework/Versions/A/GeoServices
0x0000000001bd9000 	/System/Library/Frameworks/CoreGraphics.framework/Versions/A/Resources/libCGCMS.A.dylib
0x0000000001bd9000 	/System/Library/Frameworks/CoreGraphics.framework/Versions/A/Resources/libRIP.A.dylib
0x0000000001bd9000 	/System/Library/Frameworks/CoreGraphics.framework/Versions/A/Resources/libCGXType.A.dylib
0x0000000001bd9000 	/System/Library/Frameworks/OpenCL.framework/Versions/A/Libraries/libcldcpuengine.dylib
0x0000000001bd9000 	/System/Library/PrivateFrameworks/DiskImages.framework/Versions/A/DiskImages
0x0000000001bd9000 	/System/Library/Frameworks/DiscRecording.framework/Versions/A/DiscRecording
0x0000000001bd9000 	/usr/lib/libcsfde.dylib
0x0000000001bd9000 	/usr/lib/libcurl.4.dylib
0x0000000001bd9000 	/System/Library/PrivateFrameworks/MediaKit.framework/Versions/A/MediaKit
0x0000000001bd9000 	/usr/lib/libCoreStorage.dylib
0x0000000001bd9000 	/System/Library/PrivateFrameworks/EFILogin.framework/Versions/A/EFILogin
0x0000000001bd9000 	/usr/lib/libutil.dylib
0x0000000001bd9000 	/System/Library/PrivateFrameworks/FindMyDevice.framework/Versions/A/FindMyDevice
0x0000000001bd9000 	/System/Library/Frameworks/LDAP.framework/Versions/A/LDAP
0x0000000001bd9000 	/usr/lib/libsasl2.2.dylib
0x0000000001bd9000 	/System/Library/PrivateFrameworks/CoreDaemon.framework/Versions/B/CoreDaemon
0x0000000001bd9000 	/usr/lib/libcrypto.0.9.8.dylib
0x0000000001bd9000 	/System/Library/PrivateFrameworks/AppleSRP.framework/Versions/A/AppleSRP
0x0000000001bd9000 	/System/Library/PrivateFrameworks/TrustEvaluationAgent.framework/Versions/A/TrustEvaluationAgent
0x0000000132993000 	cl_kernels
0x0000000132995000 	/System/Library/Frameworks/OpenCL.framework/Versions/A/Libraries/ImageFormats/unorm8_bgra.dylib
0x0000000132985000 	cl_kernels
0x0000000001bd9000 	/System/Library/PrivateFrameworks/FamilyControls.framework/Versions/A/FamilyControls
0x0000000001bd9000 	/System/Library/PrivateFrameworks/CommerceKit.framework/Versions/A/Frameworks/CommerceCore.framework/Versions/A/CommerceCore
0x0000000001bd9000 	/System/Library/PrivateFrameworks/SystemAdministration.framework/Versions/A/SystemAdministration
0x0000000001bd9000 	/System/Library/PrivateFrameworks/AppContainer.framework/Versions/A/AppContainer
0x0000000001bd9000 	/System/Library/PrivateFrameworks/SecCodeWrapper.framework/Versions/A/SecCodeWrapper
0x0000000001bd9000 	/System/Library/Frameworks/DirectoryService.framework/Versions/A/DirectoryService
0x0000000001bd9000 	/System/Library/PrivateFrameworks/LoginUIKit.framework/Versions/A/Frameworks/LoginUICore.framework/Versions/A/LoginUICore
0x0000000001bd9000 	/usr/lib/libodfde.dylib
0x0000000133d6a000 	/Library/Java/JavaVirtualMachines/jdk1.8.0_141.jdk/Contents/Home/jre/lib/libfontmanager.dylib
0x0000000133dd1000 	/Users/alex/Documents/git repositories/quorum-repo/audio3D/Run/jni/liblwjgl.dylib
0x0000000131dcc000 	/Library/Java/JavaVirtualMachines/jdk1.8.0_141.jdk/Contents/Home/jre/lib/libjawt.dylib
0x0000000001bd9000 	/System/Library/Frameworks/OpenGL.framework/Versions/A/Resources/GLEngine.bundle/GLEngine
0x0000000001bd9000 	/System/Library/Frameworks/OpenGL.framework/Versions/A/Libraries/libGLProgrammability.dylib
0x0000000133e53000 	/System/Library/Extensions/AppleIntelHD4000GraphicsGLDriver.bundle/Contents/MacOS/AppleIntelHD4000GraphicsGLDriver
0x0000000001bd9000 	/System/Library/PrivateFrameworks/IOAccelerator.framework/Versions/A/IOAccelerator
0x0000000001bd9000 	/System/Library/PrivateFrameworks/GPUSupport.framework/Versions/A/Libraries/libGPUSupportMercury.dylib
0x0000000000000000 	/System/Library/Extensions/GeForceGLDriver.bundle/Contents/MacOS/GeForceGLDriver
0x0000000001bd9000 	/System/Library/Extensions/GeForceGLDriver.bundle/Contents/MacOS/libclh.dylib
0x0000000001bd9000 	/System/Library/Frameworks/OpenGL.framework/Versions/A/Resources/GLRendererFloat.bundle/GLRendererFloat
0x0000000135c3b000 	/Users/alex/Documents/git repositories/quorum-repo/audio3D/Run/jni/openal.dylib
0x0000000135c97000 	/System/Library/Components/CoreAudio.component/Contents/MacOS/CoreAudio
0x0000000135f70000 	/System/Library/Extensions/AppleHDA.kext/Contents/PlugIns/AppleHDAHALPlugIn.bundle/Contents/MacOS/AppleHDAHALPlugIn

VM Arguments:
jvm_args: -Dsodbeans=1 
java_command: Run/Default.jar
java_class_path (initial): Run/Default.jar
Launcher Type: SUN_STANDARD

Environment Variables:
PATH=/usr/bin:/bin:/usr/sbin:/sbin
LD_LIBRARY_PATH=/Library/Java/JavaVirtualMachines/jdk1.8.0_141.jdk/Contents/Home/jre/lib/amd64:/Library/Java/JavaVirtualMachines/jdk1.8.0_141.jdk/Contents/Home/jre/lib/i386:
SHELL=/bin/bash
DISPLAY=/private/tmp/com.apple.launchd.4iAFNLlXU6/org.macosforge.xquartz:0

Signal Handlers:
SIGSEGV: [libjvm.dylib+0x5b26e5], sa_mask[0]=11111111011111110111111111111111, sa_flags=SA_ONSTACK|SA_RESTART|SA_SIGINFO
SIGBUS: [libjvm.dylib+0x5b26e5], sa_mask[0]=11111111011111110111111111111111, sa_flags=SA_RESTART|SA_SIGINFO
SIGFPE: [libjvm.dylib+0x489100], sa_mask[0]=11111111011111110111111111111111, sa_flags=SA_RESTART|SA_SIGINFO
SIGPIPE: [libjvm.dylib+0x489100], sa_mask[0]=11111111011111110111111111111111, sa_flags=SA_RESTART|SA_SIGINFO
SIGXFSZ: [libjvm.dylib+0x489100], sa_mask[0]=11111111011111110111111111111111, sa_flags=SA_RESTART|SA_SIGINFO
SIGILL: [libjvm.dylib+0x489100], sa_mask[0]=11111111011111110111111111111111, sa_flags=SA_RESTART|SA_SIGINFO
SIGUSR1: SIG_DFL, sa_mask[0]=00000000000000000000000000000000, sa_flags=none
SIGUSR2: [libjvm.dylib+0x488c1e], sa_mask[0]=00100000000000000000000000000000, sa_flags=SA_RESTART|SA_SIGINFO
SIGHUP: [libjvm.dylib+0x4871f5], sa_mask[0]=11111111011111110111111111111111, sa_flags=SA_RESTART|SA_SIGINFO
SIGINT: SIG_IGN, sa_mask[0]=00000000000000000000000000000000, sa_flags=none
SIGTERM: [libjvm.dylib+0x4871f5], sa_mask[0]=11111111011111110111111111111111, sa_flags=SA_RESTART|SA_SIGINFO
SIGQUIT: [libjvm.dylib+0x4871f5], sa_mask[0]=11111111011111110111111111111111, sa_flags=SA_RESTART|SA_SIGINFO


---------------  S Y S T E M  ---------------

OS:Bsduname:Darwin 14.5.0 Darwin Kernel Version 14.5.0: Tue Apr 11 16:12:42 PDT 2017; root:xnu-2782.50.9.2.3~1/RELEASE_X86_64 x86_64
rlimit: STACK 8192k, CORE 0k, NPROC 709, NOFILE 10240, AS infinity
load average:2.29 2.52 2.40

CPU:total 8 (initial active 8) (4 cores per cpu, 2 threads per core) family 6 model 58 stepping 9, cmov, cx8, fxsr, mmx, sse, sse2, sse3, ssse3, sse4.1, sse4.2, popcnt, avx, aes, clmul, erms, ht, tsc, tscinvbit, tscinv

Memory: 4k page, physical 16777216k(3775252k free)

/proc/meminfo:


vm_info: Java HotSpot(TM) 64-Bit Server VM (25.141-b15) for bsd-amd64 JRE (1.8.0_141-b15), built on Jul 12 2017 04:35:23 by "java_re" with gcc 4.2.1 (Based on Apple Inc. build 5658) (LLVM build 2336.11.00)

time: Fri Jul 28 23:39:03 2017
elapsed time: 10 seconds (0d 0h 0m 10s)

